xrun(64): 25.03-s006: (c) Copyright 1995-2025 Cadence Design Systems, Inc.
TOOL:	xrun(64)	25.03-s006: Started on Feb 20, 2026 at 02:18:12 EET
xrun
	-uvm
	-f filelist.f
		rtl/apb_slave.sv
		tb/apb_if.sv
		tb/apb_transaction.sv
		tb/apb_sequencer.sv
		tb/apb_driver.sv
		tb/apb_monitor.sv
		tb/apb_scoreboard.sv
		tb/apb_agent.sv
		tb/apb_env.sv
		tb/apb_test.sv
		tb/top.sv
file: tb/apb_test.sv
    apb_sequence seq;
               |
xmvlog: *E,NOIPRT (tb/apb_test.sv,23|15): Unrecognized declaration 'apb_sequence' of unknown type, which could be because of an unsupported keyword, a spelling mistake, non-visible type, or missing instance port list '()' [SystemVerilog].
    apb_sequence seq;
               |
xmvlog: *E,NOTINF (tb/apb_test.sv,23|15): Interfaces are not allowed within tasks [SystemVerilog].
    phase.raise_objection(this);
        |
xmvlog: *E,EXPRPA (tb/apb_test.sv,24|8): expecting a right parenthesis (')') [A.2.6(IEEE)].
file: tb/top.sv
	module worklib.top:sv
		errors: 0, warnings: 0
	Total errors/warnings found outside modules and primitives:
		errors: 3, warnings: 0
xrun: *E,VLGERR: An error occurred during parsing.  Review the log file for errors with the code *E and fix those identified problems to proceed.  Exiting with code (status 1).
TOOL:	xrun(64)	25.03-s006: Exiting on Feb 20, 2026 at 02:18:12 EET  (total: 00:00:00)
